{"message":"unresolved import `crypto`","code":{"code":"E0432","explanation":"An import was unresolved.\n\nErroneous code example:\n\n```compile_fail,E0432\nuse something::Foo; // error: unresolved import `something::Foo`.\n```\n\nPaths in `use` statements are relative to the crate root. To import items\nrelative to the current and parent modules, use the `self::` and `super::`\nprefixes, respectively. Also verify that you didn't misspell the import\nname and that the import exists in the module from where you tried to\nimport it. Example:\n\n```\nuse self::something::Foo; // ok!\n\nmod something {\n    pub struct Foo;\n}\n# fn main() {}\n```\n\nOr, if you tried to use a module from an external crate, you may have missed\nthe `extern crate` declaration (which is usually placed in the crate root):\n\n```\nextern crate core; // Required to use the `core` crate\n\nuse core::any;\n# fn main() {}\n```\n"},"level":"error","spans":[{"file_name":"src/nodes.rs","byte_start":24,"byte_end":30,"line_start":3,"line_end":3,"column_start":5,"column_end":11,"is_primary":true,"text":[{"text":"use crypto;//::sha1::Sha1;","highlight_start":5,"highlight_end":11}],"label":"no `crypto` in the root","suggested_replacement":null,"suggestion_applicability":null,"expansion":null}],"children":[],"rendered":"\u001b[0m\u001b[1m\u001b[38;5;9merror[E0432]\u001b[0m\u001b[0m\u001b[1m: unresolved import `crypto`\u001b[0m\n\u001b[0m \u001b[0m\u001b[0m\u001b[1m\u001b[38;5;12m--> \u001b[0m\u001b[0msrc/nodes.rs:3:5\u001b[0m\n\u001b[0m  \u001b[0m\u001b[0m\u001b[1m\u001b[38;5;12m|\u001b[0m\n\u001b[0m\u001b[1m\u001b[38;5;12m3\u001b[0m\u001b[0m \u001b[0m\u001b[0m\u001b[1m\u001b[38;5;12m| \u001b[0m\u001b[0muse crypto;//::sha1::Sha1;\u001b[0m\n\u001b[0m  \u001b[0m\u001b[0m\u001b[1m\u001b[38;5;12m| \u001b[0m\u001b[0m    \u001b[0m\u001b[0m\u001b[1m\u001b[38;5;9m^^^^^^\u001b[0m\u001b[0m \u001b[0m\u001b[0m\u001b[1m\u001b[38;5;9mno `crypto` in the root\u001b[0m\n\n"}
{"message":"failed to resolve: use of undeclared type or module `Sha1`","code":{"code":"E0433","explanation":"An undeclared type or module was used.\n\nErroneous code example:\n\n```compile_fail,E0433\nlet map = HashMap::new();\n// error: failed to resolve: use of undeclared type or module `HashMap`\n```\n\nPlease verify you didn't misspell the type/module's name or that you didn't\nforget to import it:\n\n\n```\nuse std::collections::HashMap; // HashMap has been imported.\nlet map: HashMap<u32, u32> = HashMap::new(); // So it can be used!\n```\n"},"level":"error","spans":[{"file_name":"src/nodes.rs","byte_start":1345,"byte_end":1349,"line_start":54,"line_end":54,"column_start":26,"column_end":30,"is_primary":true,"text":[{"text":"        let mut hasher = Sha1::new();","highlight_start":26,"highlight_end":30}],"label":"use of undeclared type or module `Sha1`","suggested_replacement":null,"suggestion_applicability":null,"expansion":null}],"children":[],"rendered":"\u001b[0m\u001b[1m\u001b[38;5;9merror[E0433]\u001b[0m\u001b[0m\u001b[1m: failed to resolve: use of undeclared type or module `Sha1`\u001b[0m\n\u001b[0m  \u001b[0m\u001b[0m\u001b[1m\u001b[38;5;12m--> \u001b[0m\u001b[0msrc/nodes.rs:54:26\u001b[0m\n\u001b[0m   \u001b[0m\u001b[0m\u001b[1m\u001b[38;5;12m|\u001b[0m\n\u001b[0m\u001b[1m\u001b[38;5;12m54\u001b[0m\u001b[0m \u001b[0m\u001b[0m\u001b[1m\u001b[38;5;12m| \u001b[0m\u001b[0m        let mut hasher = Sha1::new();\u001b[0m\n\u001b[0m   \u001b[0m\u001b[0m\u001b[1m\u001b[38;5;12m| \u001b[0m\u001b[0m                         \u001b[0m\u001b[0m\u001b[1m\u001b[38;5;9m^^^^\u001b[0m\u001b[0m \u001b[0m\u001b[0m\u001b[1m\u001b[38;5;9muse of undeclared type or module `Sha1`\u001b[0m\n\n"}
{"message":"method `new` is not a member of trait `NodeTrait`","code":{"code":"E0407","explanation":"A definition of a method not in the implemented trait was given in a trait\nimplementation.\n\nErroneous code example:\n\n```compile_fail,E0407\ntrait Foo {\n    fn a();\n}\n\nstruct Bar;\n\nimpl Foo for Bar {\n    fn a() {}\n    fn b() {} // error: method `b` is not a member of trait `Foo`\n}\n```\n\nPlease verify you didn't misspell the method name and you used the correct\ntrait. First example:\n\n```\ntrait Foo {\n    fn a();\n    fn b();\n}\n\nstruct Bar;\n\nimpl Foo for Bar {\n    fn a() {}\n    fn b() {} // ok!\n}\n```\n\nSecond example:\n\n```\ntrait Foo {\n    fn a();\n}\n\nstruct Bar;\n\nimpl Foo for Bar {\n    fn a() {}\n}\n\nimpl Bar {\n    fn b() {}\n}\n```\n"},"level":"error","spans":[{"file_name":"src/nodes.rs","byte_start":1746,"byte_end":2220,"line_start":74,"line_end":85,"column_start":5,"column_end":6,"is_primary":true,"text":[{"text":"    fn new (size: u64, ip: String, port: u64) -> Node {","highlight_start":5,"highlight_end":56},{"text":"        let mut node = Box::<Node>::new_uninit();","highlight_start":1,"highlight_end":50},{"text":"        let node = unsafe {","highlight_start":1,"highlight_end":28},{"text":"            node.node_id.as_mut_ptr().write(get_random_node_id());","highlight_start":1,"highlight_end":67},{"text":"            node.ip.as_mut_ptr().write(ip);","highlight_start":1,"highlight_end":44},{"text":"            node.port.as_mut_ptr().write(port);","highlight_start":1,"highlight_end":48},{"text":"            node.value.as_mut_ptr().write(0);","highlight_start":1,"highlight_end":46},{"text":"            node.kbuckets.as_mut_ptr().write(/*How do I define a k bucket?*/);","highlight_start":1,"highlight_end":79},{"text":"            node.assume_init()","highlight_start":1,"highlight_end":31},{"text":"        };","highlight_start":1,"highlight_end":11},{"text":"        node","highlight_start":1,"highlight_end":13},{"text":"    }","highlight_start":1,"highlight_end":6}],"label":"not a member of trait `NodeTrait`","suggested_replacement":null,"suggestion_applicability":null,"expansion":null}],"children":[],"rendered":"\u001b[0m\u001b[1m\u001b[38;5;9merror[E0407]\u001b[0m\u001b[0m\u001b[1m: method `new` is not a member of trait `NodeTrait`\u001b[0m\n\u001b[0m  \u001b[0m\u001b[0m\u001b[1m\u001b[38;5;12m--> \u001b[0m\u001b[0msrc/nodes.rs:74:5\u001b[0m\n\u001b[0m   \u001b[0m\u001b[0m\u001b[1m\u001b[38;5;12m|\u001b[0m\n\u001b[0m\u001b[1m\u001b[38;5;12m74\u001b[0m\u001b[0m \u001b[0m\u001b[0m\u001b[1m\u001b[38;5;12m| \u001b[0m\u001b[0m\u001b[1m\u001b[38;5;9m/\u001b[0m\u001b[0m \u001b[0m\u001b[0m    fn new (size: u64, ip: String, port: u64) -> Node {\u001b[0m\n\u001b[0m\u001b[1m\u001b[38;5;12m75\u001b[0m\u001b[0m \u001b[0m\u001b[0m\u001b[1m\u001b[38;5;12m| \u001b[0m\u001b[0m\u001b[1m\u001b[38;5;9m|\u001b[0m\u001b[0m \u001b[0m\u001b[0m        let mut node = Box::<Node>::new_uninit();\u001b[0m\n\u001b[0m\u001b[1m\u001b[38;5;12m76\u001b[0m\u001b[0m \u001b[0m\u001b[0m\u001b[1m\u001b[38;5;12m| \u001b[0m\u001b[0m\u001b[1m\u001b[38;5;9m|\u001b[0m\u001b[0m \u001b[0m\u001b[0m        let node = unsafe {\u001b[0m\n\u001b[0m\u001b[1m\u001b[38;5;12m77\u001b[0m\u001b[0m \u001b[0m\u001b[0m\u001b[1m\u001b[38;5;12m| \u001b[0m\u001b[0m\u001b[1m\u001b[38;5;9m|\u001b[0m\u001b[0m \u001b[0m\u001b[0m            node.node_id.as_mut_ptr().write(get_random_node_id());\u001b[0m\n\u001b[0m\u001b[1m\u001b[38;5;12m...\u001b[0m\u001b[0m  \u001b[0m\u001b[0m\u001b[1m\u001b[38;5;9m|\u001b[0m\n\u001b[0m\u001b[1m\u001b[38;5;12m84\u001b[0m\u001b[0m \u001b[0m\u001b[0m\u001b[1m\u001b[38;5;12m| \u001b[0m\u001b[0m\u001b[1m\u001b[38;5;9m|\u001b[0m\u001b[0m \u001b[0m\u001b[0m        node\u001b[0m\n\u001b[0m\u001b[1m\u001b[38;5;12m85\u001b[0m\u001b[0m \u001b[0m\u001b[0m\u001b[1m\u001b[38;5;12m| \u001b[0m\u001b[0m\u001b[1m\u001b[38;5;9m|\u001b[0m\u001b[0m \u001b[0m\u001b[0m    }\u001b[0m\n\u001b[0m   \u001b[0m\u001b[0m\u001b[1m\u001b[38;5;12m| \u001b[0m\u001b[0m\u001b[1m\u001b[38;5;9m|_____^\u001b[0m\u001b[0m \u001b[0m\u001b[0m\u001b[1m\u001b[38;5;9mnot a member of trait `NodeTrait`\u001b[0m\n\n"}
{"message":"cannot find type `Queue` in this scope","code":{"code":"E0412","explanation":"The type name used is not in scope.\n\nErroneous code examples:\n\n```compile_fail,E0412\nimpl Something {} // error: type name `Something` is not in scope\n\n// or:\n\ntrait Foo {\n    fn bar(N); // error: type name `N` is not in scope\n}\n\n// or:\n\nfn foo(x: T) {} // type name `T` is not in scope\n```\n\nTo fix this error, please verify you didn't misspell the type name, you did\ndeclare it or imported it into the scope. Examples:\n\n```\nstruct Something;\n\nimpl Something {} // ok!\n\n// or:\n\ntrait Foo {\n    type N;\n\n    fn bar(_: Self::N); // ok!\n}\n\n// or:\n\nfn foo<T>(x: T) {} // ok!\n```\n\nAnother case that causes this error is when a type is imported into a parent\nmodule. To fix this, you can follow the suggestion and use File directly or\n`use super::File;` which will import the types from the parent namespace. An\nexample that causes this error is below:\n\n```compile_fail,E0412\nuse std::fs::File;\n\nmod foo {\n    fn some_function(f: File) {}\n}\n```\n\n```\nuse std::fs::File;\n\nmod foo {\n    // either\n    use super::File;\n    // or\n    // use std::fs::File;\n    fn foo(f: File) {}\n}\n# fn main() {} // don't insert it for us; that'll break imports\n```\n"},"level":"error","spans":[{"file_name":"src/nodes.rs","byte_start":428,"byte_end":433,"line_start":26,"line_end":26,"column_start":19,"column_end":24,"is_primary":true,"text":[{"text":"    kbuckets: Vec<Queue<Node>> //TODO: What type should be inside the Vector?","highlight_start":19,"highlight_end":24}],"label":"not found in this scope","suggested_replacement":null,"suggestion_applicability":null,"expansion":null}],"children":[{"message":"you might be missing a type parameter","code":null,"level":"help","spans":[{"file_name":"src/nodes.rs","byte_start":321,"byte_end":321,"line_start":21,"line_end":21,"column_start":12,"column_end":12,"is_primary":true,"text":[{"text":"struct Node {","highlight_start":12,"highlight_end":12}],"label":null,"suggested_replacement":"<Queue>","suggestion_applicability":"MaybeIncorrect","expansion":null}],"children":[],"rendered":null}],"rendered":"\u001b[0m\u001b[1m\u001b[38;5;9merror[E0412]\u001b[0m\u001b[0m\u001b[1m: cannot find type `Queue` in this scope\u001b[0m\n\u001b[0m  \u001b[0m\u001b[0m\u001b[1m\u001b[38;5;12m--> \u001b[0m\u001b[0msrc/nodes.rs:26:19\u001b[0m\n\u001b[0m   \u001b[0m\u001b[0m\u001b[1m\u001b[38;5;12m|\u001b[0m\n\u001b[0m\u001b[1m\u001b[38;5;12m21\u001b[0m\u001b[0m \u001b[0m\u001b[0m\u001b[1m\u001b[38;5;12m| \u001b[0m\u001b[0mstruct Node {\u001b[0m\n\u001b[0m   \u001b[0m\u001b[0m\u001b[1m\u001b[38;5;12m| \u001b[0m\u001b[0m           \u001b[0m\u001b[0m\u001b[1m\u001b[38;5;12m-\u001b[0m\u001b[0m \u001b[0m\u001b[0m\u001b[1m\u001b[38;5;12mhelp: you might be missing a type parameter: `<Queue>`\u001b[0m\n\u001b[0m\u001b[1m\u001b[38;5;12m...\u001b[0m\n\u001b[0m\u001b[1m\u001b[38;5;12m26\u001b[0m\u001b[0m \u001b[0m\u001b[0m\u001b[1m\u001b[38;5;12m| \u001b[0m\u001b[0m    kbuckets: Vec<Queue<Node>> //TODO: What type should be inside the Vector?\u001b[0m\n\u001b[0m   \u001b[0m\u001b[0m\u001b[1m\u001b[38;5;12m| \u001b[0m\u001b[0m                  \u001b[0m\u001b[0m\u001b[1m\u001b[38;5;9m^^^^^\u001b[0m\u001b[0m \u001b[0m\u001b[0m\u001b[1m\u001b[38;5;9mnot found in this scope\u001b[0m\n\n"}
{"message":"cannot find type `Bool` in this scope","code":{"code":"E0412","explanation":"The type name used is not in scope.\n\nErroneous code examples:\n\n```compile_fail,E0412\nimpl Something {} // error: type name `Something` is not in scope\n\n// or:\n\ntrait Foo {\n    fn bar(N); // error: type name `N` is not in scope\n}\n\n// or:\n\nfn foo(x: T) {} // type name `T` is not in scope\n```\n\nTo fix this error, please verify you didn't misspell the type name, you did\ndeclare it or imported it into the scope. Examples:\n\n```\nstruct Something;\n\nimpl Something {} // ok!\n\n// or:\n\ntrait Foo {\n    type N;\n\n    fn bar(_: Self::N); // ok!\n}\n\n// or:\n\nfn foo<T>(x: T) {} // ok!\n```\n\nAnother case that causes this error is when a type is imported into a parent\nmodule. To fix this, you can follow the suggestion and use File directly or\n`use super::File;` which will import the types from the parent namespace. An\nexample that causes this error is below:\n\n```compile_fail,E0412\nuse std::fs::File;\n\nmod foo {\n    fn some_function(f: File) {}\n}\n```\n\n```\nuse std::fs::File;\n\nmod foo {\n    // either\n    use super::File;\n    // or\n    // use std::fs::File;\n    fn foo(f: File) {}\n}\n# fn main() {} // don't insert it for us; that'll break imports\n```\n"},"level":"error","spans":[{"file_name":"src/nodes.rs","byte_start":727,"byte_end":731,"line_start":33,"line_end":33,"column_start":65,"column_end":69,"is_primary":true,"text":[{"text":"    fn key_distance (node_id1: [u8; 20], node_id2: [u8; 20]) -> Bool;","highlight_start":65,"highlight_end":69}],"label":null,"suggested_replacement":null,"suggestion_applicability":null,"expansion":null}],"children":[{"message":"a builtin type with a similar name exists","code":null,"level":"help","spans":[{"file_name":"src/nodes.rs","byte_start":727,"byte_end":731,"line_start":33,"line_end":33,"column_start":65,"column_end":69,"is_primary":true,"text":[{"text":"    fn key_distance (node_id1: [u8; 20], node_id2: [u8; 20]) -> Bool;","highlight_start":65,"highlight_end":69}],"label":null,"suggested_replacement":"bool","suggestion_applicability":"MaybeIncorrect","expansion":null}],"children":[],"rendered":null}],"rendered":"\u001b[0m\u001b[1m\u001b[38;5;9merror[E0412]\u001b[0m\u001b[0m\u001b[1m: cannot find type `Bool` in this scope\u001b[0m\n\u001b[0m  \u001b[0m\u001b[0m\u001b[1m\u001b[38;5;12m--> \u001b[0m\u001b[0msrc/nodes.rs:33:65\u001b[0m\n\u001b[0m   \u001b[0m\u001b[0m\u001b[1m\u001b[38;5;12m|\u001b[0m\n\u001b[0m\u001b[1m\u001b[38;5;12m33\u001b[0m\u001b[0m \u001b[0m\u001b[0m\u001b[1m\u001b[38;5;12m| \u001b[0m\u001b[0m    fn key_distance (node_id1: [u8; 20], node_id2: [u8; 20]) -> Bool;\u001b[0m\n\u001b[0m   \u001b[0m\u001b[0m\u001b[1m\u001b[38;5;12m| \u001b[0m\u001b[0m                                                                \u001b[0m\u001b[0m\u001b[1m\u001b[38;5;9m^^^^\u001b[0m\u001b[0m \u001b[0m\u001b[0m\u001b[1m\u001b[38;5;9mhelp: a builtin type with a similar name exists: `bool`\u001b[0m\n\n"}
{"message":"cannot find type `Bool` in this scope","code":{"code":"E0412","explanation":"The type name used is not in scope.\n\nErroneous code examples:\n\n```compile_fail,E0412\nimpl Something {} // error: type name `Something` is not in scope\n\n// or:\n\ntrait Foo {\n    fn bar(N); // error: type name `N` is not in scope\n}\n\n// or:\n\nfn foo(x: T) {} // type name `T` is not in scope\n```\n\nTo fix this error, please verify you didn't misspell the type name, you did\ndeclare it or imported it into the scope. Examples:\n\n```\nstruct Something;\n\nimpl Something {} // ok!\n\n// or:\n\ntrait Foo {\n    type N;\n\n    fn bar(_: Self::N); // ok!\n}\n\n// or:\n\nfn foo<T>(x: T) {} // ok!\n```\n\nAnother case that causes this error is when a type is imported into a parent\nmodule. To fix this, you can follow the suggestion and use File directly or\n`use super::File;` which will import the types from the parent namespace. An\nexample that causes this error is below:\n\n```compile_fail,E0412\nuse std::fs::File;\n\nmod foo {\n    fn some_function(f: File) {}\n}\n```\n\n```\nuse std::fs::File;\n\nmod foo {\n    // either\n    use super::File;\n    // or\n    // use std::fs::File;\n    fn foo(f: File) {}\n}\n# fn main() {} // don't insert it for us; that'll break imports\n```\n"},"level":"error","spans":[{"file_name":"src/nodes.rs","byte_start":817,"byte_end":821,"line_start":34,"line_end":34,"column_start":85,"column_end":89,"is_primary":true,"text":[{"text":"    fn update_node_state (self, args: u64, _ip: String, _port: u64, _value: u64) -> Bool;","highlight_start":85,"highlight_end":89}],"label":null,"suggested_replacement":null,"suggestion_applicability":null,"expansion":null}],"children":[{"message":"a builtin type with a similar name exists","code":null,"level":"help","spans":[{"file_name":"src/nodes.rs","byte_start":817,"byte_end":821,"line_start":34,"line_end":34,"column_start":85,"column_end":89,"is_primary":true,"text":[{"text":"    fn update_node_state (self, args: u64, _ip: String, _port: u64, _value: u64) -> Bool;","highlight_start":85,"highlight_end":89}],"label":null,"suggested_replacement":"bool","suggestion_applicability":"MaybeIncorrect","expansion":null}],"children":[],"rendered":null}],"rendered":"\u001b[0m\u001b[1m\u001b[38;5;9merror[E0412]\u001b[0m\u001b[0m\u001b[1m: cannot find type `Bool` in this scope\u001b[0m\n\u001b[0m  \u001b[0m\u001b[0m\u001b[1m\u001b[38;5;12m--> \u001b[0m\u001b[0msrc/nodes.rs:34:85\u001b[0m\n\u001b[0m   \u001b[0m\u001b[0m\u001b[1m\u001b[38;5;12m|\u001b[0m\n\u001b[0m\u001b[1m\u001b[38;5;12m34\u001b[0m\u001b[0m \u001b[0m\u001b[0m\u001b[1m\u001b[38;5;12m| \u001b[0m\u001b[0m    fn update_node_state (self, args: u64, _ip: String, _port: u64, _value: u64) -> Bool;\u001b[0m\n\u001b[0m   \u001b[0m\u001b[0m\u001b[1m\u001b[38;5;12m| \u001b[0m\u001b[0m                                                                                    \u001b[0m\u001b[0m\u001b[1m\u001b[38;5;9m^^^^\u001b[0m\u001b[0m \u001b[0m\u001b[0m\u001b[1m\u001b[38;5;9mhelp: a builtin type with a similar name exists: `bool`\u001b[0m\n\n"}
{"message":"cannot find type `Bool` in this scope","code":{"code":"E0412","explanation":"The type name used is not in scope.\n\nErroneous code examples:\n\n```compile_fail,E0412\nimpl Something {} // error: type name `Something` is not in scope\n\n// or:\n\ntrait Foo {\n    fn bar(N); // error: type name `N` is not in scope\n}\n\n// or:\n\nfn foo(x: T) {} // type name `T` is not in scope\n```\n\nTo fix this error, please verify you didn't misspell the type name, you did\ndeclare it or imported it into the scope. Examples:\n\n```\nstruct Something;\n\nimpl Something {} // ok!\n\n// or:\n\ntrait Foo {\n    type N;\n\n    fn bar(_: Self::N); // ok!\n}\n\n// or:\n\nfn foo<T>(x: T) {} // ok!\n```\n\nAnother case that causes this error is when a type is imported into a parent\nmodule. To fix this, you can follow the suggestion and use File directly or\n`use super::File;` which will import the types from the parent namespace. An\nexample that causes this error is below:\n\n```compile_fail,E0412\nuse std::fs::File;\n\nmod foo {\n    fn some_function(f: File) {}\n}\n```\n\n```\nuse std::fs::File;\n\nmod foo {\n    // either\n    use super::File;\n    // or\n    // use std::fs::File;\n    fn foo(f: File) {}\n}\n# fn main() {} // don't insert it for us; that'll break imports\n```\n"},"level":"error","spans":[{"file_name":"src/nodes.rs","byte_start":882,"byte_end":886,"line_start":35,"line_end":35,"column_start":60,"column_end":64,"is_primary":true,"text":[{"text":"    fn update_k_bucket (/*what variables go in here?*/) -> Bool;","highlight_start":60,"highlight_end":64}],"label":null,"suggested_replacement":null,"suggestion_applicability":null,"expansion":null}],"children":[{"message":"a builtin type with a similar name exists","code":null,"level":"help","spans":[{"file_name":"src/nodes.rs","byte_start":882,"byte_end":886,"line_start":35,"line_end":35,"column_start":60,"column_end":64,"is_primary":true,"text":[{"text":"    fn update_k_bucket (/*what variables go in here?*/) -> Bool;","highlight_start":60,"highlight_end":64}],"label":null,"suggested_replacement":"bool","suggestion_applicability":"MaybeIncorrect","expansion":null}],"children":[],"rendered":null}],"rendered":"\u001b[0m\u001b[1m\u001b[38;5;9merror[E0412]\u001b[0m\u001b[0m\u001b[1m: cannot find type `Bool` in this scope\u001b[0m\n\u001b[0m  \u001b[0m\u001b[0m\u001b[1m\u001b[38;5;12m--> \u001b[0m\u001b[0msrc/nodes.rs:35:60\u001b[0m\n\u001b[0m   \u001b[0m\u001b[0m\u001b[1m\u001b[38;5;12m|\u001b[0m\n\u001b[0m\u001b[1m\u001b[38;5;12m35\u001b[0m\u001b[0m \u001b[0m\u001b[0m\u001b[1m\u001b[38;5;12m| \u001b[0m\u001b[0m    fn update_k_bucket (/*what variables go in here?*/) -> Bool;\u001b[0m\n\u001b[0m   \u001b[0m\u001b[0m\u001b[1m\u001b[38;5;12m| \u001b[0m\u001b[0m                                                           \u001b[0m\u001b[0m\u001b[1m\u001b[38;5;9m^^^^\u001b[0m\u001b[0m \u001b[0m\u001b[0m\u001b[1m\u001b[38;5;9mhelp: a builtin type with a similar name exists: `bool`\u001b[0m\n\n"}
{"message":"cannot find type `Bool` in this scope","code":{"code":"E0412","explanation":"The type name used is not in scope.\n\nErroneous code examples:\n\n```compile_fail,E0412\nimpl Something {} // error: type name `Something` is not in scope\n\n// or:\n\ntrait Foo {\n    fn bar(N); // error: type name `N` is not in scope\n}\n\n// or:\n\nfn foo(x: T) {} // type name `T` is not in scope\n```\n\nTo fix this error, please verify you didn't misspell the type name, you did\ndeclare it or imported it into the scope. Examples:\n\n```\nstruct Something;\n\nimpl Something {} // ok!\n\n// or:\n\ntrait Foo {\n    type N;\n\n    fn bar(_: Self::N); // ok!\n}\n\n// or:\n\nfn foo<T>(x: T) {} // ok!\n```\n\nAnother case that causes this error is when a type is imported into a parent\nmodule. To fix this, you can follow the suggestion and use File directly or\n`use super::File;` which will import the types from the parent namespace. An\nexample that causes this error is below:\n\n```compile_fail,E0412\nuse std::fs::File;\n\nmod foo {\n    fn some_function(f: File) {}\n}\n```\n\n```\nuse std::fs::File;\n\nmod foo {\n    // either\n    use super::File;\n    // or\n    // use std::fs::File;\n    fn foo(f: File) {}\n}\n# fn main() {} // don't insert it for us; that'll break imports\n```\n"},"level":"error","spans":[{"file_name":"src/nodes.rs","byte_start":933,"byte_end":937,"line_start":36,"line_end":36,"column_start":46,"column_end":50,"is_primary":true,"text":[{"text":"    fn store_value (key: u64, value: u64) -> Bool;","highlight_start":46,"highlight_end":50}],"label":null,"suggested_replacement":null,"suggestion_applicability":null,"expansion":null}],"children":[{"message":"a builtin type with a similar name exists","code":null,"level":"help","spans":[{"file_name":"src/nodes.rs","byte_start":933,"byte_end":937,"line_start":36,"line_end":36,"column_start":46,"column_end":50,"is_primary":true,"text":[{"text":"    fn store_value (key: u64, value: u64) -> Bool;","highlight_start":46,"highlight_end":50}],"label":null,"suggested_replacement":"bool","suggestion_applicability":"MaybeIncorrect","expansion":null}],"children":[],"rendered":null}],"rendered":"\u001b[0m\u001b[1m\u001b[38;5;9merror[E0412]\u001b[0m\u001b[0m\u001b[1m: cannot find type `Bool` in this scope\u001b[0m\n\u001b[0m  \u001b[0m\u001b[0m\u001b[1m\u001b[38;5;12m--> \u001b[0m\u001b[0msrc/nodes.rs:36:46\u001b[0m\n\u001b[0m   \u001b[0m\u001b[0m\u001b[1m\u001b[38;5;12m|\u001b[0m\n\u001b[0m\u001b[1m\u001b[38;5;12m36\u001b[0m\u001b[0m \u001b[0m\u001b[0m\u001b[1m\u001b[38;5;12m| \u001b[0m\u001b[0m    fn store_value (key: u64, value: u64) -> Bool;\u001b[0m\n\u001b[0m   \u001b[0m\u001b[0m\u001b[1m\u001b[38;5;12m| \u001b[0m\u001b[0m                                             \u001b[0m\u001b[0m\u001b[1m\u001b[38;5;9m^^^^\u001b[0m\u001b[0m \u001b[0m\u001b[0m\u001b[1m\u001b[38;5;9mhelp: a builtin type with a similar name exists: `bool`\u001b[0m\n\n"}
{"message":"cannot find function `get_random_node_id` in this scope","code":{"code":"E0425","explanation":"An unresolved name was used.\n\nErroneous code examples:\n\n```compile_fail,E0425\nsomething_that_doesnt_exist::foo;\n// error: unresolved name `something_that_doesnt_exist::foo`\n\n// or:\n\ntrait Foo {\n    fn bar() {\n        Self; // error: unresolved name `Self`\n    }\n}\n\n// or:\n\nlet x = unknown_variable;  // error: unresolved name `unknown_variable`\n```\n\nPlease verify that the name wasn't misspelled and ensure that the\nidentifier being referred to is valid for the given situation. Example:\n\n```\nenum something_that_does_exist {\n    Foo,\n}\n```\n\nOr:\n\n```\nmod something_that_does_exist {\n    pub static foo : i32 = 0i32;\n}\n\nsomething_that_does_exist::foo; // ok!\n```\n\nOr:\n\n```\nlet unknown_variable = 12u32;\nlet x = unknown_variable; // ok!\n```\n\nIf the item is not defined in the current module, it must be imported using a\n`use` statement, like so:\n\n```\n# mod foo { pub fn bar() {} }\n# fn main() {\nuse foo::bar;\nbar();\n# }\n```\n\nIf the item you are importing is not defined in some super-module of the\ncurrent module, then it must also be declared as public (e.g., `pub fn`).\n"},"level":"error","spans":[{"file_name":"src/nodes.rs","byte_start":1920,"byte_end":1938,"line_start":77,"line_end":77,"column_start":45,"column_end":63,"is_primary":true,"text":[{"text":"            node.node_id.as_mut_ptr().write(get_random_node_id());","highlight_start":45,"highlight_end":63}],"label":null,"suggested_replacement":null,"suggestion_applicability":null,"expansion":null}],"children":[{"message":"try","code":null,"level":"help","spans":[{"file_name":"src/nodes.rs","byte_start":1920,"byte_end":1938,"line_start":77,"line_end":77,"column_start":45,"column_end":63,"is_primary":true,"text":[{"text":"            node.node_id.as_mut_ptr().write(get_random_node_id());","highlight_start":45,"highlight_end":63}],"label":null,"suggested_replacement":"Self::get_random_node_id","suggestion_applicability":"MachineApplicable","expansion":null}],"children":[],"rendered":null}],"rendered":"\u001b[0m\u001b[1m\u001b[38;5;9merror[E0425]\u001b[0m\u001b[0m\u001b[1m: cannot find function `get_random_node_id` in this scope\u001b[0m\n\u001b[0m  \u001b[0m\u001b[0m\u001b[1m\u001b[38;5;12m--> \u001b[0m\u001b[0msrc/nodes.rs:77:45\u001b[0m\n\u001b[0m   \u001b[0m\u001b[0m\u001b[1m\u001b[38;5;12m|\u001b[0m\n\u001b[0m\u001b[1m\u001b[38;5;12m77\u001b[0m\u001b[0m \u001b[0m\u001b[0m\u001b[1m\u001b[38;5;12m| \u001b[0m\u001b[0m            node.node_id.as_mut_ptr().write(get_random_node_id());\u001b[0m\n\u001b[0m   \u001b[0m\u001b[0m\u001b[1m\u001b[38;5;12m| \u001b[0m\u001b[0m                                            \u001b[0m\u001b[0m\u001b[1m\u001b[38;5;9m^^^^^^^^^^^^^^^^^^\u001b[0m\u001b[0m \u001b[0m\u001b[0m\u001b[1m\u001b[38;5;9mhelp: try: `Self::get_random_node_id`\u001b[0m\n\n"}
{"message":"cannot find type `Bool` in this scope","code":{"code":"E0412","explanation":"The type name used is not in scope.\n\nErroneous code examples:\n\n```compile_fail,E0412\nimpl Something {} // error: type name `Something` is not in scope\n\n// or:\n\ntrait Foo {\n    fn bar(N); // error: type name `N` is not in scope\n}\n\n// or:\n\nfn foo(x: T) {} // type name `T` is not in scope\n```\n\nTo fix this error, please verify you didn't misspell the type name, you did\ndeclare it or imported it into the scope. Examples:\n\n```\nstruct Something;\n\nimpl Something {} // ok!\n\n// or:\n\ntrait Foo {\n    type N;\n\n    fn bar(_: Self::N); // ok!\n}\n\n// or:\n\nfn foo<T>(x: T) {} // ok!\n```\n\nAnother case that causes this error is when a type is imported into a parent\nmodule. To fix this, you can follow the suggestion and use File directly or\n`use super::File;` which will import the types from the parent namespace. An\nexample that causes this error is below:\n\n```compile_fail,E0412\nuse std::fs::File;\n\nmod foo {\n    fn some_function(f: File) {}\n}\n```\n\n```\nuse std::fs::File;\n\nmod foo {\n    // either\n    use super::File;\n    // or\n    // use std::fs::File;\n    fn foo(f: File) {}\n}\n# fn main() {} // don't insert it for us; that'll break imports\n```\n"},"level":"error","spans":[{"file_name":"src/nodes.rs","byte_start":2453,"byte_end":2457,"line_start":92,"line_end":92,"column_start":65,"column_end":69,"is_primary":true,"text":[{"text":"    fn key_distance (node_id1: [u8; 20], node_id2: [u8; 20]) -> Bool {","highlight_start":65,"highlight_end":69}],"label":null,"suggested_replacement":null,"suggestion_applicability":null,"expansion":null}],"children":[{"message":"a builtin type with a similar name exists","code":null,"level":"help","spans":[{"file_name":"src/nodes.rs","byte_start":2453,"byte_end":2457,"line_start":92,"line_end":92,"column_start":65,"column_end":69,"is_primary":true,"text":[{"text":"    fn key_distance (node_id1: [u8; 20], node_id2: [u8; 20]) -> Bool {","highlight_start":65,"highlight_end":69}],"label":null,"suggested_replacement":"bool","suggestion_applicability":"MaybeIncorrect","expansion":null}],"children":[],"rendered":null}],"rendered":"\u001b[0m\u001b[1m\u001b[38;5;9merror[E0412]\u001b[0m\u001b[0m\u001b[1m: cannot find type `Bool` in this scope\u001b[0m\n\u001b[0m  \u001b[0m\u001b[0m\u001b[1m\u001b[38;5;12m--> \u001b[0m\u001b[0msrc/nodes.rs:92:65\u001b[0m\n\u001b[0m   \u001b[0m\u001b[0m\u001b[1m\u001b[38;5;12m|\u001b[0m\n\u001b[0m\u001b[1m\u001b[38;5;12m92\u001b[0m\u001b[0m \u001b[0m\u001b[0m\u001b[1m\u001b[38;5;12m| \u001b[0m\u001b[0m    fn key_distance (node_id1: [u8; 20], node_id2: [u8; 20]) -> Bool {\u001b[0m\n\u001b[0m   \u001b[0m\u001b[0m\u001b[1m\u001b[38;5;12m| \u001b[0m\u001b[0m                                                                \u001b[0m\u001b[0m\u001b[1m\u001b[38;5;9m^^^^\u001b[0m\u001b[0m \u001b[0m\u001b[0m\u001b[1m\u001b[38;5;9mhelp: a builtin type with a similar name exists: `bool`\u001b[0m\n\n"}
{"message":"cannot find type `Bool` in this scope","code":{"code":"E0412","explanation":"The type name used is not in scope.\n\nErroneous code examples:\n\n```compile_fail,E0412\nimpl Something {} // error: type name `Something` is not in scope\n\n// or:\n\ntrait Foo {\n    fn bar(N); // error: type name `N` is not in scope\n}\n\n// or:\n\nfn foo(x: T) {} // type name `T` is not in scope\n```\n\nTo fix this error, please verify you didn't misspell the type name, you did\ndeclare it or imported it into the scope. Examples:\n\n```\nstruct Something;\n\nimpl Something {} // ok!\n\n// or:\n\ntrait Foo {\n    type N;\n\n    fn bar(_: Self::N); // ok!\n}\n\n// or:\n\nfn foo<T>(x: T) {} // ok!\n```\n\nAnother case that causes this error is when a type is imported into a parent\nmodule. To fix this, you can follow the suggestion and use File directly or\n`use super::File;` which will import the types from the parent namespace. An\nexample that causes this error is below:\n\n```compile_fail,E0412\nuse std::fs::File;\n\nmod foo {\n    fn some_function(f: File) {}\n}\n```\n\n```\nuse std::fs::File;\n\nmod foo {\n    // either\n    use super::File;\n    // or\n    // use std::fs::File;\n    fn foo(f: File) {}\n}\n# fn main() {} // don't insert it for us; that'll break imports\n```\n"},"level":"error","spans":[{"file_name":"src/nodes.rs","byte_start":2594,"byte_end":2598,"line_start":96,"line_end":96,"column_start":84,"column_end":88,"is_primary":true,"text":[{"text":"    fn update_node_state(self, args: u64, _ip: String, _port: u64, _value: u64) -> Bool {","highlight_start":84,"highlight_end":88}],"label":null,"suggested_replacement":null,"suggestion_applicability":null,"expansion":null}],"children":[{"message":"a builtin type with a similar name exists","code":null,"level":"help","spans":[{"file_name":"src/nodes.rs","byte_start":2594,"byte_end":2598,"line_start":96,"line_end":96,"column_start":84,"column_end":88,"is_primary":true,"text":[{"text":"    fn update_node_state(self, args: u64, _ip: String, _port: u64, _value: u64) -> Bool {","highlight_start":84,"highlight_end":88}],"label":null,"suggested_replacement":"bool","suggestion_applicability":"MaybeIncorrect","expansion":null}],"children":[],"rendered":null}],"rendered":"\u001b[0m\u001b[1m\u001b[38;5;9merror[E0412]\u001b[0m\u001b[0m\u001b[1m: cannot find type `Bool` in this scope\u001b[0m\n\u001b[0m  \u001b[0m\u001b[0m\u001b[1m\u001b[38;5;12m--> \u001b[0m\u001b[0msrc/nodes.rs:96:84\u001b[0m\n\u001b[0m   \u001b[0m\u001b[0m\u001b[1m\u001b[38;5;12m|\u001b[0m\n\u001b[0m\u001b[1m\u001b[38;5;12m96\u001b[0m\u001b[0m \u001b[0m\u001b[0m\u001b[1m\u001b[38;5;12m| \u001b[0m\u001b[0m    fn update_node_state(self, args: u64, _ip: String, _port: u64, _value: u64) -> Bool {\u001b[0m\n\u001b[0m   \u001b[0m\u001b[0m\u001b[1m\u001b[38;5;12m| \u001b[0m\u001b[0m                                                                                   \u001b[0m\u001b[0m\u001b[1m\u001b[38;5;9m^^^^\u001b[0m\u001b[0m \u001b[0m\u001b[0m\u001b[1m\u001b[38;5;9mhelp: a builtin type with a similar name exists: `bool`\u001b[0m\n\n"}
{"message":"cannot find type `Bool` in this scope","code":{"code":"E0412","explanation":"The type name used is not in scope.\n\nErroneous code examples:\n\n```compile_fail,E0412\nimpl Something {} // error: type name `Something` is not in scope\n\n// or:\n\ntrait Foo {\n    fn bar(N); // error: type name `N` is not in scope\n}\n\n// or:\n\nfn foo(x: T) {} // type name `T` is not in scope\n```\n\nTo fix this error, please verify you didn't misspell the type name, you did\ndeclare it or imported it into the scope. Examples:\n\n```\nstruct Something;\n\nimpl Something {} // ok!\n\n// or:\n\ntrait Foo {\n    type N;\n\n    fn bar(_: Self::N); // ok!\n}\n\n// or:\n\nfn foo<T>(x: T) {} // ok!\n```\n\nAnother case that causes this error is when a type is imported into a parent\nmodule. To fix this, you can follow the suggestion and use File directly or\n`use super::File;` which will import the types from the parent namespace. An\nexample that causes this error is below:\n\n```compile_fail,E0412\nuse std::fs::File;\n\nmod foo {\n    fn some_function(f: File) {}\n}\n```\n\n```\nuse std::fs::File;\n\nmod foo {\n    // either\n    use super::File;\n    // or\n    // use std::fs::File;\n    fn foo(f: File) {}\n}\n# fn main() {} // don't insert it for us; that'll break imports\n```\n"},"level":"error","spans":[{"file_name":"src/nodes.rs","byte_start":2948,"byte_end":2952,"line_start":107,"line_end":107,"column_start":30,"column_end":34,"is_primary":true,"text":[{"text":"    fn update_k_bucket () -> Bool {","highlight_start":30,"highlight_end":34}],"label":null,"suggested_replacement":null,"suggestion_applicability":null,"expansion":null}],"children":[{"message":"a builtin type with a similar name exists","code":null,"level":"help","spans":[{"file_name":"src/nodes.rs","byte_start":2948,"byte_end":2952,"line_start":107,"line_end":107,"column_start":30,"column_end":34,"is_primary":true,"text":[{"text":"    fn update_k_bucket () -> Bool {","highlight_start":30,"highlight_end":34}],"label":null,"suggested_replacement":"bool","suggestion_applicability":"MaybeIncorrect","expansion":null}],"children":[],"rendered":null}],"rendered":"\u001b[0m\u001b[1m\u001b[38;5;9merror[E0412]\u001b[0m\u001b[0m\u001b[1m: cannot find type `Bool` in this scope\u001b[0m\n\u001b[0m   \u001b[0m\u001b[0m\u001b[1m\u001b[38;5;12m--> \u001b[0m\u001b[0msrc/nodes.rs:107:30\u001b[0m\n\u001b[0m    \u001b[0m\u001b[0m\u001b[1m\u001b[38;5;12m|\u001b[0m\n\u001b[0m\u001b[1m\u001b[38;5;12m107\u001b[0m\u001b[0m \u001b[0m\u001b[0m\u001b[1m\u001b[38;5;12m| \u001b[0m\u001b[0m    fn update_k_bucket () -> Bool {\u001b[0m\n\u001b[0m    \u001b[0m\u001b[0m\u001b[1m\u001b[38;5;12m| \u001b[0m\u001b[0m                             \u001b[0m\u001b[0m\u001b[1m\u001b[38;5;9m^^^^\u001b[0m\u001b[0m \u001b[0m\u001b[0m\u001b[1m\u001b[38;5;9mhelp: a builtin type with a similar name exists: `bool`\u001b[0m\n\n"}
{"message":"cannot find type `Node` in this scope","code":{"code":"E0412","explanation":"The type name used is not in scope.\n\nErroneous code examples:\n\n```compile_fail,E0412\nimpl Something {} // error: type name `Something` is not in scope\n\n// or:\n\ntrait Foo {\n    fn bar(N); // error: type name `N` is not in scope\n}\n\n// or:\n\nfn foo(x: T) {} // type name `T` is not in scope\n```\n\nTo fix this error, please verify you didn't misspell the type name, you did\ndeclare it or imported it into the scope. Examples:\n\n```\nstruct Something;\n\nimpl Something {} // ok!\n\n// or:\n\ntrait Foo {\n    type N;\n\n    fn bar(_: Self::N); // ok!\n}\n\n// or:\n\nfn foo<T>(x: T) {} // ok!\n```\n\nAnother case that causes this error is when a type is imported into a parent\nmodule. To fix this, you can follow the suggestion and use File directly or\n`use super::File;` which will import the types from the parent namespace. An\nexample that causes this error is below:\n\n```compile_fail,E0412\nuse std::fs::File;\n\nmod foo {\n    fn some_function(f: File) {}\n}\n```\n\n```\nuse std::fs::File;\n\nmod foo {\n    // either\n    use super::File;\n    // or\n    // use std::fs::File;\n    fn foo(f: File) {}\n}\n# fn main() {} // don't insert it for us; that'll break imports\n```\n"},"level":"error","spans":[{"file_name":"src/kademlia.rs","byte_start":523,"byte_end":527,"line_start":10,"line_end":10,"column_start":21,"column_end":25,"is_primary":true,"text":[{"text":"pub fn ping (node1: Node) -> Node {","highlight_start":21,"highlight_end":25}],"label":"not found in this scope","suggested_replacement":null,"suggestion_applicability":null,"expansion":null}],"children":[{"message":"possible candidate is found in another module, you can import it into scope","code":null,"level":"help","spans":[{"file_name":"src/kademlia.rs","byte_start":503,"byte_end":503,"line_start":10,"line_end":10,"column_start":1,"column_end":1,"is_primary":true,"text":[{"text":"pub fn ping (node1: Node) -> Node {","highlight_start":1,"highlight_end":1}],"label":null,"suggested_replacement":"use nodes::Node;\n\n","suggestion_applicability":"Unspecified","expansion":null}],"children":[],"rendered":null}],"rendered":"\u001b[0m\u001b[1m\u001b[38;5;9merror[E0412]\u001b[0m\u001b[0m\u001b[1m: cannot find type `Node` in this scope\u001b[0m\n\u001b[0m  \u001b[0m\u001b[0m\u001b[1m\u001b[38;5;12m--> \u001b[0m\u001b[0msrc/kademlia.rs:10:21\u001b[0m\n\u001b[0m   \u001b[0m\u001b[0m\u001b[1m\u001b[38;5;12m|\u001b[0m\n\u001b[0m\u001b[1m\u001b[38;5;12m10\u001b[0m\u001b[0m \u001b[0m\u001b[0m\u001b[1m\u001b[38;5;12m| \u001b[0m\u001b[0mpub fn ping (node1: Node) -> Node {\u001b[0m\n\u001b[0m   \u001b[0m\u001b[0m\u001b[1m\u001b[38;5;12m| \u001b[0m\u001b[0m                    \u001b[0m\u001b[0m\u001b[1m\u001b[38;5;9m^^^^\u001b[0m\u001b[0m \u001b[0m\u001b[0m\u001b[1m\u001b[38;5;9mnot found in this scope\u001b[0m\n\u001b[0m   \u001b[0m\u001b[0m\u001b[1m\u001b[38;5;12m|\u001b[0m\n\u001b[0m\u001b[1m\u001b[38;5;14mhelp\u001b[0m\u001b[0m: possible candidate is found in another module, you can import it into scope\u001b[0m\n\u001b[0m   \u001b[0m\u001b[0m\u001b[1m\u001b[38;5;12m|\u001b[0m\n\u001b[0m\u001b[1m\u001b[38;5;12m10\u001b[0m\u001b[0m \u001b[0m\u001b[0m\u001b[1m\u001b[38;5;12m| \u001b[0m\u001b[0muse nodes::Node;\u001b[0m\n\u001b[0m   \u001b[0m\u001b[0m\u001b[1m\u001b[38;5;12m|\u001b[0m\n\n"}
{"message":"cannot find type `Node` in this scope","code":{"code":"E0412","explanation":"The type name used is not in scope.\n\nErroneous code examples:\n\n```compile_fail,E0412\nimpl Something {} // error: type name `Something` is not in scope\n\n// or:\n\ntrait Foo {\n    fn bar(N); // error: type name `N` is not in scope\n}\n\n// or:\n\nfn foo(x: T) {} // type name `T` is not in scope\n```\n\nTo fix this error, please verify you didn't misspell the type name, you did\ndeclare it or imported it into the scope. Examples:\n\n```\nstruct Something;\n\nimpl Something {} // ok!\n\n// or:\n\ntrait Foo {\n    type N;\n\n    fn bar(_: Self::N); // ok!\n}\n\n// or:\n\nfn foo<T>(x: T) {} // ok!\n```\n\nAnother case that causes this error is when a type is imported into a parent\nmodule. To fix this, you can follow the suggestion and use File directly or\n`use super::File;` which will import the types from the parent namespace. An\nexample that causes this error is below:\n\n```compile_fail,E0412\nuse std::fs::File;\n\nmod foo {\n    fn some_function(f: File) {}\n}\n```\n\n```\nuse std::fs::File;\n\nmod foo {\n    // either\n    use super::File;\n    // or\n    // use std::fs::File;\n    fn foo(f: File) {}\n}\n# fn main() {} // don't insert it for us; that'll break imports\n```\n"},"level":"error","spans":[{"file_name":"src/kademlia.rs","byte_start":532,"byte_end":536,"line_start":10,"line_end":10,"column_start":30,"column_end":34,"is_primary":true,"text":[{"text":"pub fn ping (node1: Node) -> Node {","highlight_start":30,"highlight_end":34}],"label":"not found in this scope","suggested_replacement":null,"suggestion_applicability":null,"expansion":null}],"children":[{"message":"possible candidate is found in another module, you can import it into scope","code":null,"level":"help","spans":[{"file_name":"src/kademlia.rs","byte_start":503,"byte_end":503,"line_start":10,"line_end":10,"column_start":1,"column_end":1,"is_primary":true,"text":[{"text":"pub fn ping (node1: Node) -> Node {","highlight_start":1,"highlight_end":1}],"label":null,"suggested_replacement":"use nodes::Node;\n\n","suggestion_applicability":"Unspecified","expansion":null}],"children":[],"rendered":null}],"rendered":"\u001b[0m\u001b[1m\u001b[38;5;9merror[E0412]\u001b[0m\u001b[0m\u001b[1m: cannot find type `Node` in this scope\u001b[0m\n\u001b[0m  \u001b[0m\u001b[0m\u001b[1m\u001b[38;5;12m--> \u001b[0m\u001b[0msrc/kademlia.rs:10:30\u001b[0m\n\u001b[0m   \u001b[0m\u001b[0m\u001b[1m\u001b[38;5;12m|\u001b[0m\n\u001b[0m\u001b[1m\u001b[38;5;12m10\u001b[0m\u001b[0m \u001b[0m\u001b[0m\u001b[1m\u001b[38;5;12m| \u001b[0m\u001b[0mpub fn ping (node1: Node) -> Node {\u001b[0m\n\u001b[0m   \u001b[0m\u001b[0m\u001b[1m\u001b[38;5;12m| \u001b[0m\u001b[0m                             \u001b[0m\u001b[0m\u001b[1m\u001b[38;5;9m^^^^\u001b[0m\u001b[0m \u001b[0m\u001b[0m\u001b[1m\u001b[38;5;9mnot found in this scope\u001b[0m\n\u001b[0m   \u001b[0m\u001b[0m\u001b[1m\u001b[38;5;12m|\u001b[0m\n\u001b[0m\u001b[1m\u001b[38;5;14mhelp\u001b[0m\u001b[0m: possible candidate is found in another module, you can import it into scope\u001b[0m\n\u001b[0m   \u001b[0m\u001b[0m\u001b[1m\u001b[38;5;12m|\u001b[0m\n\u001b[0m\u001b[1m\u001b[38;5;12m10\u001b[0m\u001b[0m \u001b[0m\u001b[0m\u001b[1m\u001b[38;5;12m| \u001b[0m\u001b[0muse nodes::Node;\u001b[0m\n\u001b[0m   \u001b[0m\u001b[0m\u001b[1m\u001b[38;5;12m|\u001b[0m\n\n"}
{"message":"cannot find type `Node` in this scope","code":{"code":"E0412","explanation":"The type name used is not in scope.\n\nErroneous code examples:\n\n```compile_fail,E0412\nimpl Something {} // error: type name `Something` is not in scope\n\n// or:\n\ntrait Foo {\n    fn bar(N); // error: type name `N` is not in scope\n}\n\n// or:\n\nfn foo(x: T) {} // type name `T` is not in scope\n```\n\nTo fix this error, please verify you didn't misspell the type name, you did\ndeclare it or imported it into the scope. Examples:\n\n```\nstruct Something;\n\nimpl Something {} // ok!\n\n// or:\n\ntrait Foo {\n    type N;\n\n    fn bar(_: Self::N); // ok!\n}\n\n// or:\n\nfn foo<T>(x: T) {} // ok!\n```\n\nAnother case that causes this error is when a type is imported into a parent\nmodule. To fix this, you can follow the suggestion and use File directly or\n`use super::File;` which will import the types from the parent namespace. An\nexample that causes this error is below:\n\n```compile_fail,E0412\nuse std::fs::File;\n\nmod foo {\n    fn some_function(f: File) {}\n}\n```\n\n```\nuse std::fs::File;\n\nmod foo {\n    // either\n    use super::File;\n    // or\n    // use std::fs::File;\n    fn foo(f: File) {}\n}\n# fn main() {} // don't insert it for us; that'll break imports\n```\n"},"level":"error","spans":[{"file_name":"src/kademlia.rs","byte_start":649,"byte_end":653,"line_start":14,"line_end":14,"column_start":40,"column_end":44,"is_primary":true,"text":[{"text":"pub fn store (key: u64, value: u64) -> Node {","highlight_start":40,"highlight_end":44}],"label":"not found in this scope","suggested_replacement":null,"suggestion_applicability":null,"expansion":null}],"children":[{"message":"possible candidate is found in another module, you can import it into scope","code":null,"level":"help","spans":[{"file_name":"src/kademlia.rs","byte_start":503,"byte_end":503,"line_start":10,"line_end":10,"column_start":1,"column_end":1,"is_primary":true,"text":[{"text":"pub fn ping (node1: Node) -> Node {","highlight_start":1,"highlight_end":1}],"label":null,"suggested_replacement":"use nodes::Node;\n\n","suggestion_applicability":"Unspecified","expansion":null}],"children":[],"rendered":null}],"rendered":"\u001b[0m\u001b[1m\u001b[38;5;9merror[E0412]\u001b[0m\u001b[0m\u001b[1m: cannot find type `Node` in this scope\u001b[0m\n\u001b[0m  \u001b[0m\u001b[0m\u001b[1m\u001b[38;5;12m--> \u001b[0m\u001b[0msrc/kademlia.rs:14:40\u001b[0m\n\u001b[0m   \u001b[0m\u001b[0m\u001b[1m\u001b[38;5;12m|\u001b[0m\n\u001b[0m\u001b[1m\u001b[38;5;12m14\u001b[0m\u001b[0m \u001b[0m\u001b[0m\u001b[1m\u001b[38;5;12m| \u001b[0m\u001b[0mpub fn store (key: u64, value: u64) -> Node {\u001b[0m\n\u001b[0m   \u001b[0m\u001b[0m\u001b[1m\u001b[38;5;12m| \u001b[0m\u001b[0m                                       \u001b[0m\u001b[0m\u001b[1m\u001b[38;5;9m^^^^\u001b[0m\u001b[0m \u001b[0m\u001b[0m\u001b[1m\u001b[38;5;9mnot found in this scope\u001b[0m\n\u001b[0m   \u001b[0m\u001b[0m\u001b[1m\u001b[38;5;12m|\u001b[0m\n\u001b[0m\u001b[1m\u001b[38;5;14mhelp\u001b[0m\u001b[0m: possible candidate is found in another module, you can import it into scope\u001b[0m\n\u001b[0m   \u001b[0m\u001b[0m\u001b[1m\u001b[38;5;12m|\u001b[0m\n\u001b[0m\u001b[1m\u001b[38;5;12m10\u001b[0m\u001b[0m \u001b[0m\u001b[0m\u001b[1m\u001b[38;5;12m| \u001b[0m\u001b[0muse nodes::Node;\u001b[0m\n\u001b[0m   \u001b[0m\u001b[0m\u001b[1m\u001b[38;5;12m|\u001b[0m\n\n"}
{"message":"cannot find type `ID` in this scope","code":{"code":"E0412","explanation":"The type name used is not in scope.\n\nErroneous code examples:\n\n```compile_fail,E0412\nimpl Something {} // error: type name `Something` is not in scope\n\n// or:\n\ntrait Foo {\n    fn bar(N); // error: type name `N` is not in scope\n}\n\n// or:\n\nfn foo(x: T) {} // type name `T` is not in scope\n```\n\nTo fix this error, please verify you didn't misspell the type name, you did\ndeclare it or imported it into the scope. Examples:\n\n```\nstruct Something;\n\nimpl Something {} // ok!\n\n// or:\n\ntrait Foo {\n    type N;\n\n    fn bar(_: Self::N); // ok!\n}\n\n// or:\n\nfn foo<T>(x: T) {} // ok!\n```\n\nAnother case that causes this error is when a type is imported into a parent\nmodule. To fix this, you can follow the suggestion and use File directly or\n`use super::File;` which will import the types from the parent namespace. An\nexample that causes this error is below:\n\n```compile_fail,E0412\nuse std::fs::File;\n\nmod foo {\n    fn some_function(f: File) {}\n}\n```\n\n```\nuse std::fs::File;\n\nmod foo {\n    // either\n    use super::File;\n    // or\n    // use std::fs::File;\n    fn foo(f: File) {}\n}\n# fn main() {} // don't insert it for us; that'll break imports\n```\n"},"level":"error","spans":[{"file_name":"src/kademlia.rs","byte_start":728,"byte_end":730,"line_start":18,"line_end":18,"column_start":28,"column_end":30,"is_primary":true,"text":[{"text":"pub fn find_node (node_id: ID) -> Node {","highlight_start":28,"highlight_end":30}],"label":"not found in this scope","suggested_replacement":null,"suggestion_applicability":null,"expansion":null}],"children":[{"message":"possible candidate is found in another module, you can import it into scope","code":null,"level":"help","spans":[{"file_name":"src/kademlia.rs","byte_start":503,"byte_end":503,"line_start":10,"line_end":10,"column_start":1,"column_end":1,"is_primary":true,"text":[{"text":"pub fn ping (node1: Node) -> Node {","highlight_start":1,"highlight_end":1}],"label":null,"suggested_replacement":"use nodes::ID;\n\n","suggestion_applicability":"Unspecified","expansion":null}],"children":[],"rendered":null}],"rendered":"\u001b[0m\u001b[1m\u001b[38;5;9merror[E0412]\u001b[0m\u001b[0m\u001b[1m: cannot find type `ID` in this scope\u001b[0m\n\u001b[0m  \u001b[0m\u001b[0m\u001b[1m\u001b[38;5;12m--> \u001b[0m\u001b[0msrc/kademlia.rs:18:28\u001b[0m\n\u001b[0m   \u001b[0m\u001b[0m\u001b[1m\u001b[38;5;12m|\u001b[0m\n\u001b[0m\u001b[1m\u001b[38;5;12m18\u001b[0m\u001b[0m \u001b[0m\u001b[0m\u001b[1m\u001b[38;5;12m| \u001b[0m\u001b[0mpub fn find_node (node_id: ID) -> Node {\u001b[0m\n\u001b[0m   \u001b[0m\u001b[0m\u001b[1m\u001b[38;5;12m| \u001b[0m\u001b[0m                           \u001b[0m\u001b[0m\u001b[1m\u001b[38;5;9m^^\u001b[0m\u001b[0m \u001b[0m\u001b[0m\u001b[1m\u001b[38;5;9mnot found in this scope\u001b[0m\n\u001b[0m   \u001b[0m\u001b[0m\u001b[1m\u001b[38;5;12m|\u001b[0m\n\u001b[0m\u001b[1m\u001b[38;5;14mhelp\u001b[0m\u001b[0m: possible candidate is found in another module, you can import it into scope\u001b[0m\n\u001b[0m   \u001b[0m\u001b[0m\u001b[1m\u001b[38;5;12m|\u001b[0m\n\u001b[0m\u001b[1m\u001b[38;5;12m10\u001b[0m\u001b[0m \u001b[0m\u001b[0m\u001b[1m\u001b[38;5;12m| \u001b[0m\u001b[0muse nodes::ID;\u001b[0m\n\u001b[0m   \u001b[0m\u001b[0m\u001b[1m\u001b[38;5;12m|\u001b[0m\n\n"}
{"message":"cannot find type `Node` in this scope","code":{"code":"E0412","explanation":"The type name used is not in scope.\n\nErroneous code examples:\n\n```compile_fail,E0412\nimpl Something {} // error: type name `Something` is not in scope\n\n// or:\n\ntrait Foo {\n    fn bar(N); // error: type name `N` is not in scope\n}\n\n// or:\n\nfn foo(x: T) {} // type name `T` is not in scope\n```\n\nTo fix this error, please verify you didn't misspell the type name, you did\ndeclare it or imported it into the scope. Examples:\n\n```\nstruct Something;\n\nimpl Something {} // ok!\n\n// or:\n\ntrait Foo {\n    type N;\n\n    fn bar(_: Self::N); // ok!\n}\n\n// or:\n\nfn foo<T>(x: T) {} // ok!\n```\n\nAnother case that causes this error is when a type is imported into a parent\nmodule. To fix this, you can follow the suggestion and use File directly or\n`use super::File;` which will import the types from the parent namespace. An\nexample that causes this error is below:\n\n```compile_fail,E0412\nuse std::fs::File;\n\nmod foo {\n    fn some_function(f: File) {}\n}\n```\n\n```\nuse std::fs::File;\n\nmod foo {\n    // either\n    use super::File;\n    // or\n    // use std::fs::File;\n    fn foo(f: File) {}\n}\n# fn main() {} // don't insert it for us; that'll break imports\n```\n"},"level":"error","spans":[{"file_name":"src/kademlia.rs","byte_start":735,"byte_end":739,"line_start":18,"line_end":18,"column_start":35,"column_end":39,"is_primary":true,"text":[{"text":"pub fn find_node (node_id: ID) -> Node {","highlight_start":35,"highlight_end":39}],"label":"not found in this scope","suggested_replacement":null,"suggestion_applicability":null,"expansion":null}],"children":[{"message":"possible candidate is found in another module, you can import it into scope","code":null,"level":"help","spans":[{"file_name":"src/kademlia.rs","byte_start":503,"byte_end":503,"line_start":10,"line_end":10,"column_start":1,"column_end":1,"is_primary":true,"text":[{"text":"pub fn ping (node1: Node) -> Node {","highlight_start":1,"highlight_end":1}],"label":null,"suggested_replacement":"use nodes::Node;\n\n","suggestion_applicability":"Unspecified","expansion":null}],"children":[],"rendered":null}],"rendered":"\u001b[0m\u001b[1m\u001b[38;5;9merror[E0412]\u001b[0m\u001b[0m\u001b[1m: cannot find type `Node` in this scope\u001b[0m\n\u001b[0m  \u001b[0m\u001b[0m\u001b[1m\u001b[38;5;12m--> \u001b[0m\u001b[0msrc/kademlia.rs:18:35\u001b[0m\n\u001b[0m   \u001b[0m\u001b[0m\u001b[1m\u001b[38;5;12m|\u001b[0m\n\u001b[0m\u001b[1m\u001b[38;5;12m18\u001b[0m\u001b[0m \u001b[0m\u001b[0m\u001b[1m\u001b[38;5;12m| \u001b[0m\u001b[0mpub fn find_node (node_id: ID) -> Node {\u001b[0m\n\u001b[0m   \u001b[0m\u001b[0m\u001b[1m\u001b[38;5;12m| \u001b[0m\u001b[0m                                  \u001b[0m\u001b[0m\u001b[1m\u001b[38;5;9m^^^^\u001b[0m\u001b[0m \u001b[0m\u001b[0m\u001b[1m\u001b[38;5;9mnot found in this scope\u001b[0m\n\u001b[0m   \u001b[0m\u001b[0m\u001b[1m\u001b[38;5;12m|\u001b[0m\n\u001b[0m\u001b[1m\u001b[38;5;14mhelp\u001b[0m\u001b[0m: possible candidate is found in another module, you can import it into scope\u001b[0m\n\u001b[0m   \u001b[0m\u001b[0m\u001b[1m\u001b[38;5;12m|\u001b[0m\n\u001b[0m\u001b[1m\u001b[38;5;12m10\u001b[0m\u001b[0m \u001b[0m\u001b[0m\u001b[1m\u001b[38;5;12m| \u001b[0m\u001b[0muse nodes::Node;\u001b[0m\n\u001b[0m   \u001b[0m\u001b[0m\u001b[1m\u001b[38;5;12m|\u001b[0m\n\n"}
{"message":"cannot find type `Node` in this scope","code":{"code":"E0412","explanation":"The type name used is not in scope.\n\nErroneous code examples:\n\n```compile_fail,E0412\nimpl Something {} // error: type name `Something` is not in scope\n\n// or:\n\ntrait Foo {\n    fn bar(N); // error: type name `N` is not in scope\n}\n\n// or:\n\nfn foo(x: T) {} // type name `T` is not in scope\n```\n\nTo fix this error, please verify you didn't misspell the type name, you did\ndeclare it or imported it into the scope. Examples:\n\n```\nstruct Something;\n\nimpl Something {} // ok!\n\n// or:\n\ntrait Foo {\n    type N;\n\n    fn bar(_: Self::N); // ok!\n}\n\n// or:\n\nfn foo<T>(x: T) {} // ok!\n```\n\nAnother case that causes this error is when a type is imported into a parent\nmodule. To fix this, you can follow the suggestion and use File directly or\n`use super::File;` which will import the types from the parent namespace. An\nexample that causes this error is below:\n\n```compile_fail,E0412\nuse std::fs::File;\n\nmod foo {\n    fn some_function(f: File) {}\n}\n```\n\n```\nuse std::fs::File;\n\nmod foo {\n    // either\n    use super::File;\n    // or\n    // use std::fs::File;\n    fn foo(f: File) {}\n}\n# fn main() {} // don't insert it for us; that'll break imports\n```\n"},"level":"error","spans":[{"file_name":"src/kademlia.rs","byte_start":851,"byte_end":855,"line_start":22,"line_end":22,"column_start":33,"column_end":37,"is_primary":true,"text":[{"text":"pub fn find_value (key: u64) -> Node {","highlight_start":33,"highlight_end":37}],"label":"not found in this scope","suggested_replacement":null,"suggestion_applicability":null,"expansion":null}],"children":[{"message":"possible candidate is found in another module, you can import it into scope","code":null,"level":"help","spans":[{"file_name":"src/kademlia.rs","byte_start":503,"byte_end":503,"line_start":10,"line_end":10,"column_start":1,"column_end":1,"is_primary":true,"text":[{"text":"pub fn ping (node1: Node) -> Node {","highlight_start":1,"highlight_end":1}],"label":null,"suggested_replacement":"use nodes::Node;\n\n","suggestion_applicability":"Unspecified","expansion":null}],"children":[],"rendered":null}],"rendered":"\u001b[0m\u001b[1m\u001b[38;5;9merror[E0412]\u001b[0m\u001b[0m\u001b[1m: cannot find type `Node` in this scope\u001b[0m\n\u001b[0m  \u001b[0m\u001b[0m\u001b[1m\u001b[38;5;12m--> \u001b[0m\u001b[0msrc/kademlia.rs:22:33\u001b[0m\n\u001b[0m   \u001b[0m\u001b[0m\u001b[1m\u001b[38;5;12m|\u001b[0m\n\u001b[0m\u001b[1m\u001b[38;5;12m22\u001b[0m\u001b[0m \u001b[0m\u001b[0m\u001b[1m\u001b[38;5;12m| \u001b[0m\u001b[0mpub fn find_value (key: u64) -> Node {\u001b[0m\n\u001b[0m   \u001b[0m\u001b[0m\u001b[1m\u001b[38;5;12m| \u001b[0m\u001b[0m                                \u001b[0m\u001b[0m\u001b[1m\u001b[38;5;9m^^^^\u001b[0m\u001b[0m \u001b[0m\u001b[0m\u001b[1m\u001b[38;5;9mnot found in this scope\u001b[0m\n\u001b[0m   \u001b[0m\u001b[0m\u001b[1m\u001b[38;5;12m|\u001b[0m\n\u001b[0m\u001b[1m\u001b[38;5;14mhelp\u001b[0m\u001b[0m: possible candidate is found in another module, you can import it into scope\u001b[0m\n\u001b[0m   \u001b[0m\u001b[0m\u001b[1m\u001b[38;5;12m|\u001b[0m\n\u001b[0m\u001b[1m\u001b[38;5;12m10\u001b[0m\u001b[0m \u001b[0m\u001b[0m\u001b[1m\u001b[38;5;12m| \u001b[0m\u001b[0muse nodes::Node;\u001b[0m\n\u001b[0m   \u001b[0m\u001b[0m\u001b[1m\u001b[38;5;12m|\u001b[0m\n\n"}
{"message":"mismatched types","code":{"code":"E0308","explanation":"This error occurs when the compiler was unable to infer the concrete type of a\nvariable. It can occur for several cases, the most common of which is a\nmismatch in the expected type that the compiler inferred for a variable's\ninitializing expression, and the actual type explicitly assigned to the\nvariable.\n\nFor example:\n\n```compile_fail,E0308\nlet x: i32 = \"I am not a number!\";\n//     ~~~   ~~~~~~~~~~~~~~~~~~~~\n//      |             |\n//      |    initializing expression;\n//      |    compiler infers type `&str`\n//      |\n//    type `i32` assigned to variable `x`\n```\n"},"level":"error","spans":[{"file_name":"src/nodes.rs","byte_start":989,"byte_end":999,"line_start":41,"line_end":41,"column_start":16,"column_end":26,"is_primary":true,"text":[{"text":"struct ID([u8; BIT_SLICES]); /*TODO: incorporate SHA1 hash/change to bit arrays in rust*/","highlight_start":16,"highlight_end":26}],"label":"expected `usize`, found `u64`","suggested_replacement":null,"suggestion_applicability":null,"expansion":null}],"children":[{"message":"you can convert an `u64` to `usize` and panic if the converted value wouldn't fit","code":null,"level":"help","spans":[{"file_name":"src/nodes.rs","byte_start":989,"byte_end":999,"line_start":41,"line_end":41,"column_start":16,"column_end":26,"is_primary":true,"text":[{"text":"struct ID([u8; BIT_SLICES]); /*TODO: incorporate SHA1 hash/change to bit arrays in rust*/","highlight_start":16,"highlight_end":26}],"label":null,"suggested_replacement":"BIT_SLICES.try_into().unwrap()","suggestion_applicability":"MachineApplicable","expansion":null}],"children":[],"rendered":null}],"rendered":"\u001b[0m\u001b[1m\u001b[38;5;9merror[E0308]\u001b[0m\u001b[0m\u001b[1m: mismatched types\u001b[0m\n\u001b[0m  \u001b[0m\u001b[0m\u001b[1m\u001b[38;5;12m--> \u001b[0m\u001b[0msrc/nodes.rs:41:16\u001b[0m\n\u001b[0m   \u001b[0m\u001b[0m\u001b[1m\u001b[38;5;12m|\u001b[0m\n\u001b[0m\u001b[1m\u001b[38;5;12m41\u001b[0m\u001b[0m \u001b[0m\u001b[0m\u001b[1m\u001b[38;5;12m| \u001b[0m\u001b[0mstruct ID([u8; BIT_SLICES]); /*TODO: incorporate SHA1 hash/change to bit arrays in rust*/\u001b[0m\n\u001b[0m   \u001b[0m\u001b[0m\u001b[1m\u001b[38;5;12m| \u001b[0m\u001b[0m               \u001b[0m\u001b[0m\u001b[1m\u001b[38;5;9m^^^^^^^^^^\u001b[0m\u001b[0m \u001b[0m\u001b[0m\u001b[1m\u001b[38;5;9mexpected `usize`, found `u64`\u001b[0m\n\u001b[0m   \u001b[0m\u001b[0m\u001b[1m\u001b[38;5;12m|\u001b[0m\n\u001b[0m\u001b[1m\u001b[38;5;14mhelp\u001b[0m\u001b[0m: you can convert an `u64` to `usize` and panic if the converted value wouldn't fit\u001b[0m\n\u001b[0m   \u001b[0m\u001b[0m\u001b[1m\u001b[38;5;12m|\u001b[0m\n\u001b[0m\u001b[1m\u001b[38;5;12m41\u001b[0m\u001b[0m \u001b[0m\u001b[0m\u001b[1m\u001b[38;5;12m| \u001b[0m\u001b[0mstruct ID([u8; BIT_SLICES.try_into().unwrap()]); /*TODO: incorporate SHA1 hash/change to bit arrays in rust*/\u001b[0m\n\u001b[0m   \u001b[0m\u001b[0m\u001b[1m\u001b[38;5;12m| \u001b[0m\u001b[0m               \u001b[0m\u001b[0m\u001b[1m\u001b[38;5;14m^^^^^^^^^^^^^^^^^^^^^^^^^^^^^^\u001b[0m\n\n"}
{"message":"aborting due to 19 previous errors","code":null,"level":"error","spans":[],"children":[],"rendered":"\u001b[0m\u001b[1m\u001b[38;5;9merror\u001b[0m\u001b[0m\u001b[1m: aborting due to 19 previous errors\u001b[0m\n\n"}
{"message":"Some errors have detailed explanations: E0308, E0407, E0412, E0425, E0432, E0433.","code":null,"level":"failure-note","spans":[],"children":[],"rendered":"\u001b[0m\u001b[1mSome errors have detailed explanations: E0308, E0407, E0412, E0425, E0432, E0433.\u001b[0m\n"}
{"message":"For more information about an error, try `rustc --explain E0308`.","code":null,"level":"failure-note","spans":[],"children":[],"rendered":"\u001b[0m\u001b[1mFor more information about an error, try `rustc --explain E0308`.\u001b[0m\n"}
